Using pre-set license
Built from '2020.3/staging' branch; Version is '2020.3.26f1 (7298b473bc1a) revision 7510196'; Using compiler version '192528614'; Build Type 'Release'
OS: 'Windows 10  (10.0.19043) 64bit Core' Language: 'en' Physical Memory: 15734 MB
BatchMode: 1, IsHumanControllingUs: 0, StartBugReporterOnCrash: 0, Is64bit: 1, IsPro: 0

COMMAND LINE ARGUMENTS:
C:\Program Files\Unity\Hub\Editor\2020.3.26f1\Editor\Unity.exe
-adb2
-batchMode
-noUpm
-name
AssetImportWorker0
-projectPath
C:/Users/gaben/unity/sa_proj/sa_proj1.5
-logFile
Logs/AssetImportWorker0.log
-srvPort
59038
Successfully changed project path to: C:/Users/gaben/unity/sa_proj/sa_proj1.5
C:/Users/gaben/unity/sa_proj/sa_proj1.5
Using Asset Import Pipeline V2.
Refreshing native plugins compatible for Editor in 34.37 ms, found 3 plugins.
Preloading 0 native plugins for Editor in 0.00 ms.
Initialize engine version: 2020.3.26f1 (7298b473bc1a)
[Subsystems] Discovering subsystems at path C:/Program Files/Unity/Hub/Editor/2020.3.26f1/Editor/Data/Resources/UnitySubsystems
[Subsystems] Discovering subsystems at path C:/Users/gaben/unity/sa_proj/sa_proj1.5/Assets
GfxDevice: creating device client; threaded=0
Direct3D:
    Version:  Direct3D 11.0 [level 11.1]
    Renderer: NVIDIA GeForce RTX 3050 Ti Laptop GPU (ID=0x2563)
    Vendor:   
    VRAM:     3990 MB
    Driver:   30.0.14.7256
Initialize mono
Mono path[0] = 'C:/Program Files/Unity/Hub/Editor/2020.3.26f1/Editor/Data/Managed'
Mono path[1] = 'C:/Program Files/Unity/Hub/Editor/2020.3.26f1/Editor/Data/MonoBleedingEdge/lib/mono/unityjit'
Mono config path = 'C:/Program Files/Unity/Hub/Editor/2020.3.26f1/Editor/Data/MonoBleedingEdge/etc'
Using monoOptions --debugger-agent=transport=dt_socket,embedding=1,server=y,suspend=n,address=127.0.0.1:56624
Begin MonoManager ReloadAssembly
Registering precompiled unity dll's ...
Register platform support module: C:/Program Files/Unity/Hub/Editor/2020.3.26f1/Editor/Data/PlaybackEngines/WebGLSupport/UnityEditor.WebGL.Extensions.dll
Register platform support module: C:/Program Files/Unity/Hub/Editor/2020.3.26f1/Editor/Data/PlaybackEngines/WindowsStandaloneSupport/UnityEditor.WindowsStandalone.Extensions.dll
Registered in 0.001825 seconds.
Native extension for WindowsStandalone target not found
Native extension for WebGL target not found
Refreshing native plugins compatible for Editor in 32.23 ms, found 3 plugins.
Preloading 0 native plugins for Editor in 0.00 ms.
Mono: successfully reloaded assembly
- Completed reload, in  0.403 seconds
Domain Reload Profiling:
	ReloadAssembly (403ms)
		BeginReloadAssembly (39ms)
			ExecutionOrderSort (0ms)
			DisableScriptedObjects (0ms)
			BackupInstance (0ms)
			ReleaseScriptingObjects (0ms)
			CreateAndSetChildDomain (1ms)
		EndReloadAssembly (312ms)
			LoadAssemblies (37ms)
			RebuildTransferFunctionScriptingTraits (0ms)
			SetupTypeCache (95ms)
			ReleaseScriptCaches (0ms)
			RebuildScriptCaches (18ms)
			SetupLoadedEditorAssemblies (125ms)
				LogAssemblyErrors (0ms)
				InitializePlatformSupportModulesInManaged (4ms)
				SetLoadedEditorAssemblies (0ms)
				RefreshPlugins (32ms)
				BeforeProcessingInitializeOnLoad (10ms)
				ProcessInitializeOnLoadAttributes (59ms)
				ProcessInitializeOnLoadMethodAttributes (19ms)
				AfterProcessingInitializeOnLoad (0ms)
				EditorAssembliesLoaded (0ms)
			ExecutionOrderSort2 (0ms)
			AwakeInstancesAfterBackupRestoration (0ms)
Platform modules already initialized, skipping
Registering precompiled user dll's ...
Registered in 0.003601 seconds.
Begin MonoManager ReloadAssembly
Native extension for WindowsStandalone target not found
Native extension for WebGL target not found
Refreshing native plugins compatible for Editor in 33.67 ms, found 3 plugins.
Preloading 0 native plugins for Editor in 0.00 ms.
Mono: successfully reloaded assembly
- Completed reload, in  0.755 seconds
Domain Reload Profiling:
	ReloadAssembly (756ms)
		BeginReloadAssembly (97ms)
			ExecutionOrderSort (0ms)
			DisableScriptedObjects (4ms)
			BackupInstance (0ms)
			ReleaseScriptingObjects (0ms)
			CreateAndSetChildDomain (16ms)
		EndReloadAssembly (616ms)
			LoadAssemblies (65ms)
			RebuildTransferFunctionScriptingTraits (0ms)
			SetupTypeCache (189ms)
			ReleaseScriptCaches (0ms)
			RebuildScriptCaches (30ms)
			SetupLoadedEditorAssemblies (251ms)
				LogAssemblyErrors (0ms)
				InitializePlatformSupportModulesInManaged (4ms)
				SetLoadedEditorAssemblies (0ms)
				RefreshPlugins (34ms)
				BeforeProcessingInitializeOnLoad (59ms)
				ProcessInitializeOnLoadAttributes (138ms)
				ProcessInitializeOnLoadMethodAttributes (12ms)
				AfterProcessingInitializeOnLoad (5ms)
				EditorAssembliesLoaded (0ms)
			ExecutionOrderSort2 (0ms)
			AwakeInstancesAfterBackupRestoration (5ms)
Platform modules already initialized, skipping
========================================================================
Worker process is ready to serve import requests
Launched and connected shader compiler UnityShaderCompiler.exe after 0.04 seconds
Refreshing native plugins compatible for Editor in 0.48 ms, found 3 plugins.
Preloading 0 native plugins for Editor in 0.00 ms.
Unloading 2198 Unused Serialized files (Serialized files now loaded: 0)
System memory in use before: 95.9 MB.
System memory in use after: 95.9 MB.

Unloading 28 unused Assets to reduce memory usage. Loaded Objects now: 2631.
Total: 2.884600 ms (FindLiveObjects: 0.203400 ms CreateObjectMapping: 0.107200 ms MarkObjects: 2.513400 ms  DeleteObjects: 0.059700 ms)

AssetImportParameters requested are different than current active one (requested -> active):
  custom:framework-win-MediaFoundation: 216162199b28c13a410421893ffa2e32 -> 
  custom:video-decoder-ogg-theora: a1e56fd34408186e4bbccfd4996cb3dc -> 
  custom:container-muxer-webm: aa71ff27fc2769a1b78a27578f13a17b -> 
  custom:container-demuxer-webm: 4f35f7cbe854078d1ac9338744f61a02 -> 
  custom:container-demuxer-ogg: 62fdf1f143b41e24485cea50d1cbac27 -> 
  custom:video-encoder-webm-vp8: eb34c28f22e8b96e1ab97ce403110664 -> 
  custom:video-codec-MediaFoundation-h265: 746d11721c4dcdbdad8f713fa42b33f4 -> 
  custom:video-decoder-webm-vp8: 9c59270c3fd7afecdb556c50c9e8de78 -> 
  custom:audio-decoder-ogg-vorbis: bf7c407c2cedff20999df2af8eb42d56 -> 
  custom:audio-encoder-webm-vorbis: bf7c407c2cedff20999df2af8eb42d56 -> 
========================================================================
Received Import Request.
  path: Assets/Scripts
  artifactKey: Guid(832e040cbc6f6094fbd137127f84f068) Importer(815301076,1909f56bfc062723c751e8b465ee728b)
Start importing Assets/Scripts using Guid(832e040cbc6f6094fbd137127f84f068) Importer(815301076,1909f56bfc062723c751e8b465ee728b)  -> (artifact id: 'abe4dd2c59fb08d1c2196527c91d9d8f') in 0.008557 seconds 
  Import took 0.011544 seconds .

========================================================================
Received Import Request.
  Time since last request: 3.544579 seconds.
  path: Assets/Animations
  artifactKey: Guid(20fa4f756dc77764ebdbd49eecb5b521) Importer(815301076,1909f56bfc062723c751e8b465ee728b)
Start importing Assets/Animations using Guid(20fa4f756dc77764ebdbd49eecb5b521) Importer(815301076,1909f56bfc062723c751e8b465ee728b)  -> (artifact id: 'b3f5a668969d1f28a2ec3c5a462909fb') in 0.006241 seconds 
  Import took 0.009164 seconds .

========================================================================
Received Prepare
Registering precompiled user dll's ...
Registered in 0.003459 seconds.
Begin MonoManager ReloadAssembly
Native extension for WindowsStandalone target not found
Native extension for WebGL target not found
Refreshing native plugins compatible for Editor in 0.52 ms, found 3 plugins.
Preloading 0 native plugins for Editor in 0.00 ms.
Mono: successfully reloaded assembly
- Completed reload, in  0.733 seconds
Domain Reload Profiling:
	ReloadAssembly (734ms)
		BeginReloadAssembly (101ms)
			ExecutionOrderSort (0ms)
			DisableScriptedObjects (5ms)
			BackupInstance (0ms)
			ReleaseScriptingObjects (0ms)
			CreateAndSetChildDomain (30ms)
		EndReloadAssembly (588ms)
			LoadAssemblies (75ms)
			RebuildTransferFunctionScriptingTraits (0ms)
			SetupTypeCache (195ms)
			ReleaseScriptCaches (1ms)
			RebuildScriptCaches (27ms)
			SetupLoadedEditorAssemblies (224ms)
				LogAssemblyErrors (0ms)
				InitializePlatformSupportModulesInManaged (4ms)
				SetLoadedEditorAssemblies (0ms)
				RefreshPlugins (1ms)
				BeforeProcessingInitializeOnLoad (71ms)
				ProcessInitializeOnLoadAttributes (134ms)
				ProcessInitializeOnLoadMethodAttributes (8ms)
				AfterProcessingInitializeOnLoad (5ms)
				EditorAssembliesLoaded (0ms)
			ExecutionOrderSort2 (0ms)
			AwakeInstancesAfterBackupRestoration (7ms)
Platform modules already initialized, skipping
Refreshing native plugins compatible for Editor in 0.46 ms, found 3 plugins.
Preloading 0 native plugins for Editor in 0.00 ms.
Unloading 2187 Unused Serialized files (Serialized files now loaded: 0)
System memory in use before: 95.2 MB.
System memory in use after: 95.3 MB.

Unloading 17 unused Assets to reduce memory usage. Loaded Objects now: 2633.
Total: 2.509900 ms (FindLiveObjects: 0.137600 ms CreateObjectMapping: 0.050700 ms MarkObjects: 2.307100 ms  DeleteObjects: 0.013300 ms)

AssetImportParameters requested are different than current active one (requested -> active):
  custom:framework-win-MediaFoundation: 216162199b28c13a410421893ffa2e32 -> 
  custom:video-decoder-ogg-theora: a1e56fd34408186e4bbccfd4996cb3dc -> 
  custom:container-muxer-webm: aa71ff27fc2769a1b78a27578f13a17b -> 
  custom:container-demuxer-webm: 4f35f7cbe854078d1ac9338744f61a02 -> 
  custom:container-demuxer-ogg: 62fdf1f143b41e24485cea50d1cbac27 -> 
  custom:video-encoder-webm-vp8: eb34c28f22e8b96e1ab97ce403110664 -> 
  custom:video-codec-MediaFoundation-h265: 746d11721c4dcdbdad8f713fa42b33f4 -> 
  custom:video-decoder-webm-vp8: 9c59270c3fd7afecdb556c50c9e8de78 -> 
  custom:audio-decoder-ogg-vorbis: bf7c407c2cedff20999df2af8eb42d56 -> 
  custom:audio-encoder-webm-vorbis: bf7c407c2cedff20999df2af8eb42d56 -> 
========================================================================
Received Import Request.
  Time since last request: 163.331983 seconds.
  path: Assets/Animations/Dead (1).png
  artifactKey: Guid(ddd6ec6f77afb05439df9c9913e159bd) Importer(815301076,1909f56bfc062723c751e8b465ee728b)
Start importing Assets/Animations/Dead (1).png using Guid(ddd6ec6f77afb05439df9c9913e159bd) Importer(815301076,1909f56bfc062723c751e8b465ee728b)  -> (artifact id: '1e495ea4c1fc4ac742379503cb9bc29e') in 0.080190 seconds 
  Import took 0.083357 seconds .

========================================================================
Received Import Request.
  Time since last request: 0.000170 seconds.
  path: Assets/Animations/Walk (8).png
  artifactKey: Guid(8e33593ecf2c982488b2a0d63361f9d0) Importer(815301076,1909f56bfc062723c751e8b465ee728b)
Start importing Assets/Animations/Walk (8).png using Guid(8e33593ecf2c982488b2a0d63361f9d0) Importer(815301076,1909f56bfc062723c751e8b465ee728b)  -> (artifact id: '909738528dd13f19b187547ebe5c25f6') in 0.017114 seconds 
  Import took 0.019868 seconds .

========================================================================
Received Import Request.
  Time since last request: 0.000151 seconds.
  path: Assets/Animations/Jump (5).png
  artifactKey: Guid(f245f71c0ce847144b02eaa799f79c95) Importer(815301076,1909f56bfc062723c751e8b465ee728b)
Start importing Assets/Animations/Jump (5).png using Guid(f245f71c0ce847144b02eaa799f79c95) Importer(815301076,1909f56bfc062723c751e8b465ee728b)  -> (artifact id: '518f526712d3e61ce04ddcccce44aa4c') in 0.013784 seconds 
  Import took 0.016504 seconds .

========================================================================
Received Import Request.
  Time since last request: 0.000166 seconds.
  path: Assets/Animations/Dead (3).png
  artifactKey: Guid(2788ad3c8127e0347bfe2c9ed2977972) Importer(815301076,1909f56bfc062723c751e8b465ee728b)
Start importing Assets/Animations/Dead (3).png using Guid(2788ad3c8127e0347bfe2c9ed2977972) Importer(815301076,1909f56bfc062723c751e8b465ee728b)  -> (artifact id: '8d5f410acc079d6dd9fb8e23c7f6f63b') in 0.013973 seconds 
  Import took 0.016712 seconds .

========================================================================
Received Import Request.
  Time since last request: 0.000161 seconds.
  path: Assets/Animations/Slide (3).png
  artifactKey: Guid(aafbdf991c9835d47b2c0e743653562a) Importer(815301076,1909f56bfc062723c751e8b465ee728b)
Start importing Assets/Animations/Slide (3).png using Guid(aafbdf991c9835d47b2c0e743653562a) Importer(815301076,1909f56bfc062723c751e8b465ee728b)  -> (artifact id: '46bb5691900a268e95b5ca40c3f2f58e') in 0.016083 seconds 
  Import took 0.018734 seconds .

========================================================================
Received Import Request.
  Time since last request: 0.000147 seconds.
  path: Assets/Animations/Jump (1).png
  artifactKey: Guid(775db25cc877cbd46b1486d2ac340048) Importer(815301076,1909f56bfc062723c751e8b465ee728b)
Start importing Assets/Animations/Jump (1).png using Guid(775db25cc877cbd46b1486d2ac340048) Importer(815301076,1909f56bfc062723c751e8b465ee728b)  -> (artifact id: '5f0c451b1d01aaa56a2ae250d5642039') in 0.013749 seconds 
  Import took 0.016309 seconds .

========================================================================
Received Import Request.
  Time since last request: 0.000140 seconds.
  path: Assets/Animations/Fall (6).png
  artifactKey: Guid(cce7a99237923ee4faf10301ca52234f) Importer(815301076,1909f56bfc062723c751e8b465ee728b)
Start importing Assets/Animations/Fall (6).png using Guid(cce7a99237923ee4faf10301ca52234f) Importer(815301076,1909f56bfc062723c751e8b465ee728b)  -> (artifact id: '9da01ca86d7d6d02d769bb3cfd47ab3a') in 0.013004 seconds 
  Import took 0.015610 seconds .

========================================================================
Received Import Request.
  Time since last request: 0.000142 seconds.
  path: Assets/Animations/Hurt (5).png
  artifactKey: Guid(86f2d97dfe60a2446b7713f194d3de9b) Importer(815301076,1909f56bfc062723c751e8b465ee728b)
Start importing Assets/Animations/Hurt (5).png using Guid(86f2d97dfe60a2446b7713f194d3de9b) Importer(815301076,1909f56bfc062723c751e8b465ee728b)  -> (artifact id: '6d766c15cb5447bd9c3a9c9c393865f5') in 0.012331 seconds 
  Import took 0.014915 seconds .

========================================================================
Received Import Request.
  Time since last request: 0.000157 seconds.
  path: Assets/Animations/Run (2).png
  artifactKey: Guid(73cdc4759027cd041b0872f3cb85b443) Importer(815301076,1909f56bfc062723c751e8b465ee728b)
Start importing Assets/Animations/Run (2).png using Guid(73cdc4759027cd041b0872f3cb85b443) Importer(815301076,1909f56bfc062723c751e8b465ee728b)  -> (artifact id: 'd718441585fd2a02dbbd55d4c4ff2030') in 0.011895 seconds 
  Import took 0.014646 seconds .

========================================================================
Received Import Request.
  Time since last request: 0.000137 seconds.
  path: Assets/Animations/Dead (9).png
  artifactKey: Guid(56dfaf83f51e3db40b404fdfc01a018e) Importer(815301076,1909f56bfc062723c751e8b465ee728b)
Start importing Assets/Animations/Dead (9).png using Guid(56dfaf83f51e3db40b404fdfc01a018e) Importer(815301076,1909f56bfc062723c751e8b465ee728b)  -> (artifact id: '6652825719585fe93b7e8cab9d651af0') in 0.011856 seconds 
  Import took 0.014316 seconds .

========================================================================
Received Import Request.
  Time since last request: 0.000143 seconds.
  path: Assets/Animations/Idle (8).png
  artifactKey: Guid(fce0ed809bc60a24ab8503136edbf603) Importer(815301076,1909f56bfc062723c751e8b465ee728b)
Start importing Assets/Animations/Idle (8).png using Guid(fce0ed809bc60a24ab8503136edbf603) Importer(815301076,1909f56bfc062723c751e8b465ee728b)  -> (artifact id: 'd6aee7a15547406bb8205134dcc36e49') in 0.014972 seconds 
  Import took 0.017461 seconds .

========================================================================
Received Import Request.
  Time since last request: 0.000185 seconds.
  path: Assets/Animations/Dead (10).png
  artifactKey: Guid(8140b0d8aea82314dac40543eb83f87c) Importer(815301076,1909f56bfc062723c751e8b465ee728b)
Start importing Assets/Animations/Dead (10).png using Guid(8140b0d8aea82314dac40543eb83f87c) Importer(815301076,1909f56bfc062723c751e8b465ee728b)  -> (artifact id: 'ccf5cfa48782a70125171c5b40785d83') in 0.014725 seconds 
  Import took 0.017283 seconds .

========================================================================
Received Import Request.
  Time since last request: 0.000165 seconds.
  path: Assets/Animations/Dead (7).png
  artifactKey: Guid(476f4b711976ece4680fa370a7476508) Importer(815301076,1909f56bfc062723c751e8b465ee728b)
Start importing Assets/Animations/Dead (7).png using Guid(476f4b711976ece4680fa370a7476508) Importer(815301076,1909f56bfc062723c751e8b465ee728b)  -> (artifact id: '9a8c3eeb2700a23285cdc07286fea034') in 0.011110 seconds 
  Import took 0.013799 seconds .

========================================================================
Received Import Request.
  Time since last request: 0.000174 seconds.
  path: Assets/Animations/Walk (3).png
  artifactKey: Guid(96330c5a6fb00ab43a9923b8e6e65fb5) Importer(815301076,1909f56bfc062723c751e8b465ee728b)
Start importing Assets/Animations/Walk (3).png using Guid(96330c5a6fb00ab43a9923b8e6e65fb5) Importer(815301076,1909f56bfc062723c751e8b465ee728b)  -> (artifact id: 'b939c229f278783f5cd1e4513ca53266') in 0.014273 seconds 
  Import took 0.016852 seconds .

========================================================================
Received Import Request.
  Time since last request: 0.000159 seconds.
  path: Assets/Animations/Run (1).png
  artifactKey: Guid(ac6fce0c86c545448a249dda84147662) Importer(815301076,1909f56bfc062723c751e8b465ee728b)
Start importing Assets/Animations/Run (1).png using Guid(ac6fce0c86c545448a249dda84147662) Importer(815301076,1909f56bfc062723c751e8b465ee728b)  -> (artifact id: '17610b5c3139f96ee83643c6b94d6799') in 0.012652 seconds 
  Import took 0.015272 seconds .

========================================================================
Received Import Request.
  Time since last request: 0.000147 seconds.
  path: Assets/Animations/Idle (10).png
  artifactKey: Guid(86be40d5422fcaa47871b3e266a94677) Importer(815301076,1909f56bfc062723c751e8b465ee728b)
Start importing Assets/Animations/Idle (10).png using Guid(86be40d5422fcaa47871b3e266a94677) Importer(815301076,1909f56bfc062723c751e8b465ee728b)  -> (artifact id: '5ed3d12deb942d92b40c66abffee82a6') in 0.015623 seconds 
  Import took 0.018202 seconds .

========================================================================
Received Import Request.
  Time since last request: 0.000137 seconds.
  path: Assets/Animations/Jump (6).png
  artifactKey: Guid(01cec003514b58847900be82fc52b227) Importer(815301076,1909f56bfc062723c751e8b465ee728b)
Start importing Assets/Animations/Jump (6).png using Guid(01cec003514b58847900be82fc52b227) Importer(815301076,1909f56bfc062723c751e8b465ee728b)  -> (artifact id: '343698a808675637ada755c84ce8206a') in 0.012497 seconds 
  Import took 0.014981 seconds .

========================================================================
Received Import Request.
  Time since last request: 0.000212 seconds.
  path: Assets/Animations/Slide (1).png
  artifactKey: Guid(47f2a3609afe3b9469713fe6bc8d3a8b) Importer(815301076,1909f56bfc062723c751e8b465ee728b)
Start importing Assets/Animations/Slide (1).png using Guid(47f2a3609afe3b9469713fe6bc8d3a8b) Importer(815301076,1909f56bfc062723c751e8b465ee728b)  -> (artifact id: 'a2665b54eca4caa802dc1c2e7bf5187b') in 0.015490 seconds 
  Import took 0.018327 seconds .

========================================================================
Received Import Request.
  Time since last request: 0.000133 seconds.
  path: Assets/Animations/Idle (2).png
  artifactKey: Guid(b34397ff7584b8b46ae5111869b5883e) Importer(815301076,1909f56bfc062723c751e8b465ee728b)
Start importing Assets/Animations/Idle (2).png using Guid(b34397ff7584b8b46ae5111869b5883e) Importer(815301076,1909f56bfc062723c751e8b465ee728b)  -> (artifact id: '1c55cac94b246220417a4566a5274c19') in 0.011109 seconds 
  Import took 0.013870 seconds .

========================================================================
Received Import Request.
  Time since last request: 0.000140 seconds.
  path: Assets/Animations/Idle (5).png
  artifactKey: Guid(e3a0568867dbf314abd536656327d789) Importer(815301076,1909f56bfc062723c751e8b465ee728b)
Start importing Assets/Animations/Idle (5).png using Guid(e3a0568867dbf314abd536656327d789) Importer(815301076,1909f56bfc062723c751e8b465ee728b)  -> (artifact id: '0622e6dc1a0ac7506e54f286d989cbf7') in 0.010792 seconds 
  Import took 0.013331 seconds .

========================================================================
Received Import Request.
  Time since last request: 0.000153 seconds.
  path: Assets/Animations/Slide (2).png
  artifactKey: Guid(327fb7188ab270847827f14e9c778052) Importer(815301076,1909f56bfc062723c751e8b465ee728b)
Start importing Assets/Animations/Slide (2).png using Guid(327fb7188ab270847827f14e9c778052) Importer(815301076,1909f56bfc062723c751e8b465ee728b)  -> (artifact id: '01064e3c44124f1b28b77689862303d7') in 0.010149 seconds 
  Import took 0.012781 seconds .

========================================================================
Received Import Request.
  Time since last request: 0.000146 seconds.
  path: Assets/Animations/Idle (3).png
  artifactKey: Guid(1bf89054c94493d429591fe2d122a02f) Importer(815301076,1909f56bfc062723c751e8b465ee728b)
Start importing Assets/Animations/Idle (3).png using Guid(1bf89054c94493d429591fe2d122a02f) Importer(815301076,1909f56bfc062723c751e8b465ee728b)  -> (artifact id: '1c4c8b26a69c4bd098315aae17b609f3') in 0.010013 seconds 
  Import took 0.012450 seconds .

========================================================================
Received Import Request.
  Time since last request: 0.000157 seconds.
  path: Assets/Animations/Jump (4).png
  artifactKey: Guid(3abadc875ee08bd40b270ae15c65ce45) Importer(815301076,1909f56bfc062723c751e8b465ee728b)
Start importing Assets/Animations/Jump (4).png using Guid(3abadc875ee08bd40b270ae15c65ce45) Importer(815301076,1909f56bfc062723c751e8b465ee728b)  -> (artifact id: '8a2966c85cd5cc4c9a1204a42b56f29b') in 0.010194 seconds 
  Import took 0.012706 seconds .

========================================================================
Received Import Request.
  Time since last request: 0.000145 seconds.
  path: Assets/Animations/Idle (7).png
  artifactKey: Guid(4a39351d5b3a66e468e299a9a24ad3c0) Importer(815301076,1909f56bfc062723c751e8b465ee728b)
Start importing Assets/Animations/Idle (7).png using Guid(4a39351d5b3a66e468e299a9a24ad3c0) Importer(815301076,1909f56bfc062723c751e8b465ee728b)  -> (artifact id: '473e6803e9a84996bea7b5c521e8a79f') in 0.009978 seconds 
  Import took 0.012336 seconds .

========================================================================
Received Import Request.
  Time since last request: 0.000148 seconds.
  path: Assets/Animations/Walk (7).png
  artifactKey: Guid(b3f200281e2d93748b1788708cae19fa) Importer(815301076,1909f56bfc062723c751e8b465ee728b)
Start importing Assets/Animations/Walk (7).png using Guid(b3f200281e2d93748b1788708cae19fa) Importer(815301076,1909f56bfc062723c751e8b465ee728b)  -> (artifact id: '44f187244d7f8038fb76f4af7b3c544e') in 0.010021 seconds 
  Import took 0.012544 seconds .

========================================================================
Received Import Request.
  Time since last request: 0.000134 seconds.
  path: Assets/Animations/Fall (5).png
  artifactKey: Guid(cf2604ca7c6d2984286583c334f34cea) Importer(815301076,1909f56bfc062723c751e8b465ee728b)
Start importing Assets/Animations/Fall (5).png using Guid(cf2604ca7c6d2984286583c334f34cea) Importer(815301076,1909f56bfc062723c751e8b465ee728b)  -> (artifact id: '9a9d396bb08a085ae5b506916ff99640') in 0.012966 seconds 
  Import took 0.015340 seconds .

========================================================================
Received Import Request.
  Time since last request: 0.000180 seconds.
  path: Assets/Animations/Fall (7).png
  artifactKey: Guid(d6d292f69427a194183cb5ba0d08ccf4) Importer(815301076,1909f56bfc062723c751e8b465ee728b)
Start importing Assets/Animations/Fall (7).png using Guid(d6d292f69427a194183cb5ba0d08ccf4) Importer(815301076,1909f56bfc062723c751e8b465ee728b)  -> (artifact id: '4534042d8d69bb01d28c19242f2386da') in 0.011177 seconds 
  Import took 0.013822 seconds .

========================================================================
Received Import Request.
  Time since last request: 0.000124 seconds.
  path: Assets/Animations/Hurt (6).png
  artifactKey: Guid(db0256f00ab52174286e99397b8dc9c1) Importer(815301076,1909f56bfc062723c751e8b465ee728b)
Start importing Assets/Animations/Hurt (6).png using Guid(db0256f00ab52174286e99397b8dc9c1) Importer(815301076,1909f56bfc062723c751e8b465ee728b)  -> (artifact id: '5d0aa2b543388ea859be73ce2d854e69') in 0.010149 seconds 
  Import took 0.012601 seconds .

========================================================================
Received Import Request.
  Time since last request: 0.000132 seconds.
  path: Assets/Animations/Hurt (8).png
  artifactKey: Guid(f938dcd74c4719b4abe647eb3c58f497) Importer(815301076,1909f56bfc062723c751e8b465ee728b)
Start importing Assets/Animations/Hurt (8).png using Guid(f938dcd74c4719b4abe647eb3c58f497) Importer(815301076,1909f56bfc062723c751e8b465ee728b)  -> (artifact id: '5871f507cabe5adeff22bee9cfd7243d') in 0.010256 seconds 
  Import took 0.012696 seconds .

========================================================================
Received Import Request.
  Time since last request: 0.000145 seconds.
  path: Assets/Animations/Walk (1).png
  artifactKey: Guid(fb6d0225de5b9724ba1429e9c45183c3) Importer(815301076,1909f56bfc062723c751e8b465ee728b)
Start importing Assets/Animations/Walk (1).png using Guid(fb6d0225de5b9724ba1429e9c45183c3) Importer(815301076,1909f56bfc062723c751e8b465ee728b)  -> (artifact id: 'ec8de6a7297e2eca1db64522fcf10d5a') in 0.009902 seconds 
  Import took 0.012260 seconds .

========================================================================
Received Import Request.
  Time since last request: 0.000160 seconds.
  path: Assets/Animations/Run (6).png
  artifactKey: Guid(ff4a6455b9e89f849ac7f7787bc60abd) Importer(815301076,1909f56bfc062723c751e8b465ee728b)
Start importing Assets/Animations/Run (6).png using Guid(ff4a6455b9e89f849ac7f7787bc60abd) Importer(815301076,1909f56bfc062723c751e8b465ee728b)  -> (artifact id: 'fa2c8f71503a692fb3fe79418771c743') in 0.010874 seconds 
  Import took 0.013541 seconds .

========================================================================
Received Import Request.
  Time since last request: 0.000161 seconds.
  path: Assets/Animations/Hurt (1).png
  artifactKey: Guid(4a6218b7e6bd94543b1994c2939dbc94) Importer(815301076,1909f56bfc062723c751e8b465ee728b)
Start importing Assets/Animations/Hurt (1).png using Guid(4a6218b7e6bd94543b1994c2939dbc94) Importer(815301076,1909f56bfc062723c751e8b465ee728b)  -> (artifact id: 'ec58d33505ce969d703627f7c5153b38') in 0.010324 seconds 
  Import took 0.012957 seconds .

========================================================================
Received Import Request.
  Time since last request: 0.000138 seconds.
  path: Assets/Animations/Dead (6).png
  artifactKey: Guid(190d358cc38941947b5da3d526e5e68d) Importer(815301076,1909f56bfc062723c751e8b465ee728b)
Start importing Assets/Animations/Dead (6).png using Guid(190d358cc38941947b5da3d526e5e68d) Importer(815301076,1909f56bfc062723c751e8b465ee728b)  -> (artifact id: '3926630111e076cfe754946ded7743b9') in 0.009975 seconds 
  Import took 0.012331 seconds .

========================================================================
Received Import Request.
  Time since last request: 0.000132 seconds.
  path: Assets/Animations/Slide (4).png
  artifactKey: Guid(ab547188daa267148acf368b276ec922) Importer(815301076,1909f56bfc062723c751e8b465ee728b)
Start importing Assets/Animations/Slide (4).png using Guid(ab547188daa267148acf368b276ec922) Importer(815301076,1909f56bfc062723c751e8b465ee728b)  -> (artifact id: '47ee0a694cb7dbf60e2d736993f7b295') in 0.009787 seconds 
  Import took 0.012136 seconds .

========================================================================
Received Import Request.
  Time since last request: 0.000139 seconds.
  path: Assets/Animations/Fall (3).png
  artifactKey: Guid(3be5549709c1ebb49aa08146b52fca72) Importer(815301076,1909f56bfc062723c751e8b465ee728b)
Start importing Assets/Animations/Fall (3).png using Guid(3be5549709c1ebb49aa08146b52fca72) Importer(815301076,1909f56bfc062723c751e8b465ee728b)  -> (artifact id: 'f02a220c74b263003e9c4d0ed13aaf49') in 0.010303 seconds 
  Import took 0.012762 seconds .

========================================================================
Received Import Request.
  Time since last request: 0.000161 seconds.
  path: Assets/Animations/Slide (10).png
  artifactKey: Guid(2094543a37acf7941a7a3cce5fc1b8be) Importer(815301076,1909f56bfc062723c751e8b465ee728b)
Start importing Assets/Animations/Slide (10).png using Guid(2094543a37acf7941a7a3cce5fc1b8be) Importer(815301076,1909f56bfc062723c751e8b465ee728b)  -> (artifact id: 'fe50064df38284e6fd4ceaa82f1919ea') in 0.011962 seconds 
  Import took 0.014828 seconds .

========================================================================
Received Import Request.
  Time since last request: 0.000131 seconds.
  path: Assets/Animations/Fall (8).png
  artifactKey: Guid(4ad1dfeb85c5a3044997969a9bc413e0) Importer(815301076,1909f56bfc062723c751e8b465ee728b)
Start importing Assets/Animations/Fall (8).png using Guid(4ad1dfeb85c5a3044997969a9bc413e0) Importer(815301076,1909f56bfc062723c751e8b465ee728b)  -> (artifact id: 'f549655123baf30459d4cea3dbed1959') in 0.011809 seconds 
  Import took 0.014294 seconds .

========================================================================
Received Import Request.
  Time since last request: 0.000145 seconds.
  path: Assets/Animations/Hurt (3).png
  artifactKey: Guid(47a6efed9d594774a8945b6f03e4d008) Importer(815301076,1909f56bfc062723c751e8b465ee728b)
Start importing Assets/Animations/Hurt (3).png using Guid(47a6efed9d594774a8945b6f03e4d008) Importer(815301076,1909f56bfc062723c751e8b465ee728b)  -> (artifact id: '5e7d9881679af324a9eaedb425c0f6a4') in 0.010171 seconds 
  Import took 0.012605 seconds .

========================================================================
Received Import Request.
  Time since last request: 0.000140 seconds.
  path: Assets/Animations/Run (7).png
  artifactKey: Guid(54f640aadf05c9d4a8109172a74cd5ad) Importer(815301076,1909f56bfc062723c751e8b465ee728b)
Start importing Assets/Animations/Run (7).png using Guid(54f640aadf05c9d4a8109172a74cd5ad) Importer(815301076,1909f56bfc062723c751e8b465ee728b)  -> (artifact id: '26cfd795b368421e2178da32a088e354') in 0.010377 seconds 
  Import took 0.012954 seconds .

========================================================================
Received Import Request.
  Time since last request: 0.000136 seconds.
  path: Assets/Animations/Dead (8).png
  artifactKey: Guid(e18b7afded254a24d90d9375686b927a) Importer(815301076,1909f56bfc062723c751e8b465ee728b)
Start importing Assets/Animations/Dead (8).png using Guid(e18b7afded254a24d90d9375686b927a) Importer(815301076,1909f56bfc062723c751e8b465ee728b)  -> (artifact id: 'ebade42dce4fdf3933e3ae5219f393e0') in 0.010127 seconds 
  Import took 0.012444 seconds .

========================================================================
Received Import Request.
  Time since last request: 0.000159 seconds.
  path: Assets/Animations/Idle (4).png
  artifactKey: Guid(d457494392bea914e9509baa20630d31) Importer(815301076,1909f56bfc062723c751e8b465ee728b)
Start importing Assets/Animations/Idle (4).png using Guid(d457494392bea914e9509baa20630d31) Importer(815301076,1909f56bfc062723c751e8b465ee728b)  -> (artifact id: 'a232a4d42783d5372088d22c5ceb6882') in 0.010176 seconds 
  Import took 0.012683 seconds .

========================================================================
Received Import Request.
  Time since last request: 0.000140 seconds.
  path: Assets/Animations/Slide (6).png
  artifactKey: Guid(3ce16b35f5c0a794392f0b15e4f332a6) Importer(815301076,1909f56bfc062723c751e8b465ee728b)
Start importing Assets/Animations/Slide (6).png using Guid(3ce16b35f5c0a794392f0b15e4f332a6) Importer(815301076,1909f56bfc062723c751e8b465ee728b)  -> (artifact id: '5a0276d58bee9cf49c1a02cf7ae13ee8') in 0.009992 seconds 
  Import took 0.012417 seconds .

========================================================================
Received Import Request.
  Time since last request: 0.000155 seconds.
  path: Assets/Animations/Slide (5).png
  artifactKey: Guid(a44ee288bdc92d84fa8f630aa76e8b1a) Importer(815301076,1909f56bfc062723c751e8b465ee728b)
Start importing Assets/Animations/Slide (5).png using Guid(a44ee288bdc92d84fa8f630aa76e8b1a) Importer(815301076,1909f56bfc062723c751e8b465ee728b)  -> (artifact id: '6406a313c9eb2328b8f3c46c88b71ba2') in 0.010535 seconds 
  Import took 0.013037 seconds .

========================================================================
Received Import Request.
  Time since last request: 0.000154 seconds.
  path: Assets/Animations/Walk (2).png
  artifactKey: Guid(811bca4ff4cd51f4d88bb0d501987c81) Importer(815301076,1909f56bfc062723c751e8b465ee728b)
Start importing Assets/Animations/Walk (2).png using Guid(811bca4ff4cd51f4d88bb0d501987c81) Importer(815301076,1909f56bfc062723c751e8b465ee728b)  -> (artifact id: '254f43ff6ab6c9e2466a6ec02796a227') in 0.010799 seconds 
  Import took 0.013312 seconds .

========================================================================
Received Import Request.
  Time since last request: 0.000131 seconds.
  path: Assets/Animations/Walk (10).png
  artifactKey: Guid(f232487cf667e094b9b3b4018062d7b8) Importer(815301076,1909f56bfc062723c751e8b465ee728b)
Start importing Assets/Animations/Walk (10).png using Guid(f232487cf667e094b9b3b4018062d7b8) Importer(815301076,1909f56bfc062723c751e8b465ee728b)  -> (artifact id: '77e7ef038ed7cc95edfde7fb0f973277') in 0.011705 seconds 
  Import took 0.014298 seconds .

========================================================================
Received Import Request.
  Time since last request: 0.000140 seconds.
  path: Assets/Animations/Hurt (9).png
  artifactKey: Guid(6d61fdeacd51b9845a31ad0ed9e746c3) Importer(815301076,1909f56bfc062723c751e8b465ee728b)
Start importing Assets/Animations/Hurt (9).png using Guid(6d61fdeacd51b9845a31ad0ed9e746c3) Importer(815301076,1909f56bfc062723c751e8b465ee728b)  -> (artifact id: '15221010e09f487795f4fc8820f5ccee') in 0.010607 seconds 
  Import took 0.013360 seconds .

========================================================================
Received Import Request.
  Time since last request: 0.000146 seconds.
  path: Assets/Animations/Fall (4).png
  artifactKey: Guid(eed3601cc407d154d9d107f5c4cdcc9d) Importer(815301076,1909f56bfc062723c751e8b465ee728b)
Start importing Assets/Animations/Fall (4).png using Guid(eed3601cc407d154d9d107f5c4cdcc9d) Importer(815301076,1909f56bfc062723c751e8b465ee728b)  -> (artifact id: '8b90401d79f3cc59235870152c876983') in 0.010476 seconds 
  Import took 0.012992 seconds .

========================================================================
Received Import Request.
  Time since last request: 0.000164 seconds.
  path: Assets/Animations/Run (5).png
  artifactKey: Guid(2c291cbc4b80d2843860c2fdefa0d0a4) Importer(815301076,1909f56bfc062723c751e8b465ee728b)
Start importing Assets/Animations/Run (5).png using Guid(2c291cbc4b80d2843860c2fdefa0d0a4) Importer(815301076,1909f56bfc062723c751e8b465ee728b)  -> (artifact id: 'cddc47f51141250d8df66fa4b6e63097') in 0.010236 seconds 
  Import took 0.012890 seconds .

========================================================================
Received Import Request.
  Time since last request: 0.000146 seconds.
  path: Assets/Animations/Idle (9).png
  artifactKey: Guid(07ddd850e1569d94194a68a189c53e55) Importer(815301076,1909f56bfc062723c751e8b465ee728b)
Start importing Assets/Animations/Idle (9).png using Guid(07ddd850e1569d94194a68a189c53e55) Importer(815301076,1909f56bfc062723c751e8b465ee728b)  -> (artifact id: '4692c87c06e295ff3366fb265c77c57d') in 0.010670 seconds 
  Import took 0.013327 seconds .

========================================================================
Received Import Request.
  Time since last request: 0.000148 seconds.
  path: Assets/Animations/Slide (9).png
  artifactKey: Guid(25c290eb623abf540a4b9e862dc7ddc8) Importer(815301076,1909f56bfc062723c751e8b465ee728b)
Start importing Assets/Animations/Slide (9).png using Guid(25c290eb623abf540a4b9e862dc7ddc8) Importer(815301076,1909f56bfc062723c751e8b465ee728b)  -> (artifact id: '32127624a6e7f6324e88332e191bb6a5') in 0.013849 seconds 
  Import took 0.016451 seconds .

========================================================================
Received Import Request.
  Time since last request: 0.000153 seconds.
  path: Assets/Animations/Walk (4).png
  artifactKey: Guid(b9cbbb0c2b8a10f46abf1460b173c818) Importer(815301076,1909f56bfc062723c751e8b465ee728b)
Start importing Assets/Animations/Walk (4).png using Guid(b9cbbb0c2b8a10f46abf1460b173c818) Importer(815301076,1909f56bfc062723c751e8b465ee728b)  -> (artifact id: 'd4036b2f2b9f7070e2f36a1d7d9cc311') in 0.010575 seconds 
  Import took 0.013341 seconds .

========================================================================
Received Import Request.
  Time since last request: 0.000150 seconds.
  path: Assets/Animations/Slide (7).png
  artifactKey: Guid(2b607b8a732aed54a9585ba7b8653167) Importer(815301076,1909f56bfc062723c751e8b465ee728b)
Start importing Assets/Animations/Slide (7).png using Guid(2b607b8a732aed54a9585ba7b8653167) Importer(815301076,1909f56bfc062723c751e8b465ee728b)  -> (artifact id: '9fa034c9f8847a2ee5758dbb0e9698b2') in 0.009992 seconds 
  Import took 0.012653 seconds .

========================================================================
Received Import Request.
  Time since last request: 0.000135 seconds.
  path: Assets/Animations/Hurt (2).png
  artifactKey: Guid(beeb79e8f8153694bbadb5051609cf90) Importer(815301076,1909f56bfc062723c751e8b465ee728b)
Start importing Assets/Animations/Hurt (2).png using Guid(beeb79e8f8153694bbadb5051609cf90) Importer(815301076,1909f56bfc062723c751e8b465ee728b)  -> (artifact id: 'df75191985bbc9972666b94b02266675') in 0.012080 seconds 
  Import took 0.014958 seconds .

========================================================================
Received Import Request.
  Time since last request: 0.000161 seconds.
  path: Assets/Animations/Run (4).png
  artifactKey: Guid(707678a4cc98e284db5c26b0c8eeb538) Importer(815301076,1909f56bfc062723c751e8b465ee728b)
Start importing Assets/Animations/Run (4).png using Guid(707678a4cc98e284db5c26b0c8eeb538) Importer(815301076,1909f56bfc062723c751e8b465ee728b)  -> (artifact id: 'd8b4be5201df98fbd0a1ac8882e13895') in 0.012098 seconds 
  Import took 0.014941 seconds .

========================================================================
Received Import Request.
  Time since last request: 0.000146 seconds.
  path: Assets/Animations/Slide (8).png
  artifactKey: Guid(a31ff7ecc55756b45ab97ae22d6a1cb3) Importer(815301076,1909f56bfc062723c751e8b465ee728b)
Start importing Assets/Animations/Slide (8).png using Guid(a31ff7ecc55756b45ab97ae22d6a1cb3) Importer(815301076,1909f56bfc062723c751e8b465ee728b)  -> (artifact id: '1ca6bed5b9809f99bf44610bfbacb9fb') in 0.010564 seconds 
  Import took 0.013334 seconds .

========================================================================
Received Import Request.
  Time since last request: 0.000139 seconds.
  path: Assets/Animations/Jump (8).png
  artifactKey: Guid(205dff30873726948be49e2863f161ca) Importer(815301076,1909f56bfc062723c751e8b465ee728b)
Start importing Assets/Animations/Jump (8).png using Guid(205dff30873726948be49e2863f161ca) Importer(815301076,1909f56bfc062723c751e8b465ee728b)  -> (artifact id: '8d974ec015056eefa7a17ea7f630bd86') in 0.010671 seconds 
  Import took 0.013167 seconds .

========================================================================
Received Import Request.
  Time since last request: 0.000146 seconds.
  path: Assets/Animations/Dead (4).png
  artifactKey: Guid(e8fb970437b60cd438cc3c7a06d166f2) Importer(815301076,1909f56bfc062723c751e8b465ee728b)
Start importing Assets/Animations/Dead (4).png using Guid(e8fb970437b60cd438cc3c7a06d166f2) Importer(815301076,1909f56bfc062723c751e8b465ee728b)  -> (artifact id: 'ee2493efd502f02c2c8ee4caddf41e9d') in 0.010257 seconds 
  Import took 0.012685 seconds .

========================================================================
Received Import Request.
  Time since last request: 0.000137 seconds.
  path: Assets/Animations/Hurt (4).png
  artifactKey: Guid(cf859735b4b2c3f4bbfa21afd217b9bd) Importer(815301076,1909f56bfc062723c751e8b465ee728b)
Start importing Assets/Animations/Hurt (4).png using Guid(cf859735b4b2c3f4bbfa21afd217b9bd) Importer(815301076,1909f56bfc062723c751e8b465ee728b)  -> (artifact id: 'aa7864bf10599a4ecddea20c07b6db3c') in 0.010218 seconds 
  Import took 0.012698 seconds .

========================================================================
Received Import Request.
  Time since last request: 0.000146 seconds.
  path: Assets/Animations/Hurt (10).png
  artifactKey: Guid(8088d81ec94354d4fb149bb48ec6748a) Importer(815301076,1909f56bfc062723c751e8b465ee728b)
Start importing Assets/Animations/Hurt (10).png using Guid(8088d81ec94354d4fb149bb48ec6748a) Importer(815301076,1909f56bfc062723c751e8b465ee728b)  -> (artifact id: '3e8ebe05605c2b10fe6bb3f83a11da3f') in 0.010961 seconds 
  Import took 0.013737 seconds .

========================================================================
Received Import Request.
  Time since last request: 0.000168 seconds.
  path: Assets/Animations/Jump (2).png
  artifactKey: Guid(d356edf9568a6504ab0907a597ccd107) Importer(815301076,1909f56bfc062723c751e8b465ee728b)
Start importing Assets/Animations/Jump (2).png using Guid(d356edf9568a6504ab0907a597ccd107) Importer(815301076,1909f56bfc062723c751e8b465ee728b)  -> (artifact id: 'e0a0557b3af875c940694588e7d2ed42') in 0.010969 seconds 
  Import took 0.014020 seconds .

========================================================================
Received Import Request.
  Time since last request: 0.000162 seconds.
  path: Assets/Animations/Hurt (7).png
  artifactKey: Guid(5484e98db7700414ab3d47bd07a6a99e) Importer(815301076,1909f56bfc062723c751e8b465ee728b)
Start importing Assets/Animations/Hurt (7).png using Guid(5484e98db7700414ab3d47bd07a6a99e) Importer(815301076,1909f56bfc062723c751e8b465ee728b)  -> (artifact id: 'a554ca4699a5d344d436f5d98603cc8a') in 0.011351 seconds 
  Import took 0.014343 seconds .

========================================================================
Received Import Request.
  Time since last request: 0.000165 seconds.
  path: Assets/Animations/Idle (6).png
  artifactKey: Guid(2704745c1c8e0c74eb374493849b2e70) Importer(815301076,1909f56bfc062723c751e8b465ee728b)
Start importing Assets/Animations/Idle (6).png using Guid(2704745c1c8e0c74eb374493849b2e70) Importer(815301076,1909f56bfc062723c751e8b465ee728b)  -> (artifact id: 'a860ca9fdbb4dbd561bbd2790e4530f2') in 0.013267 seconds 
  Import took 0.016188 seconds .

========================================================================
Received Import Request.
  Time since last request: 0.000137 seconds.
  path: Assets/Animations/Jump (3).png
  artifactKey: Guid(6d095a27c522a9f47ba1240d3c35c7b3) Importer(815301076,1909f56bfc062723c751e8b465ee728b)
Start importing Assets/Animations/Jump (3).png using Guid(6d095a27c522a9f47ba1240d3c35c7b3) Importer(815301076,1909f56bfc062723c751e8b465ee728b)  -> (artifact id: '94fa2f26474a5070ee77c4aa3e2d200b') in 0.011390 seconds 
  Import took 0.013912 seconds .

========================================================================
Received Import Request.
  Time since last request: 0.000152 seconds.
  path: Assets/Animations/Run (8).png
  artifactKey: Guid(b02330c2dc469aa4c97a77aeb8c3f038) Importer(815301076,1909f56bfc062723c751e8b465ee728b)
Start importing Assets/Animations/Run (8).png using Guid(b02330c2dc469aa4c97a77aeb8c3f038) Importer(815301076,1909f56bfc062723c751e8b465ee728b)  -> (artifact id: '5e733973f2b7ee77b0fc6a48b5e739e4') in 0.010481 seconds 
  Import took 0.013142 seconds .

========================================================================
Received Import Request.
  Time since last request: 0.000144 seconds.
  path: Assets/Animations/Run (3).png
  artifactKey: Guid(336668f1ddee6cb4c88f7ed2c1882a8d) Importer(815301076,1909f56bfc062723c751e8b465ee728b)
Start importing Assets/Animations/Run (3).png using Guid(336668f1ddee6cb4c88f7ed2c1882a8d) Importer(815301076,1909f56bfc062723c751e8b465ee728b)  -> (artifact id: '94aeba092914572dec16998aaefa4900') in 0.010188 seconds 
  Import took 0.012568 seconds .

========================================================================
Received Import Request.
  Time since last request: 0.000152 seconds.
  path: Assets/Animations/Idle (1).png
  artifactKey: Guid(ae7211f0839c07b4c98a6e9673514e9b) Importer(815301076,1909f56bfc062723c751e8b465ee728b)
Start importing Assets/Animations/Idle (1).png using Guid(ae7211f0839c07b4c98a6e9673514e9b) Importer(815301076,1909f56bfc062723c751e8b465ee728b)  -> (artifact id: '71c88f262271cb4b837f78e77bd1fa97') in 0.010498 seconds 
  Import took 0.013289 seconds .

========================================================================
Received Import Request.
  Time since last request: 0.000140 seconds.
  path: Assets/Animations/Jump (7).png
  artifactKey: Guid(3f78abdff59629c41bda96d73f95b352) Importer(815301076,1909f56bfc062723c751e8b465ee728b)
Start importing Assets/Animations/Jump (7).png using Guid(3f78abdff59629c41bda96d73f95b352) Importer(815301076,1909f56bfc062723c751e8b465ee728b)  -> (artifact id: '63d56f1b43f5f9e10036ca1f53ae0b54') in 0.010390 seconds 
  Import took 0.012975 seconds .

========================================================================
Received Import Request.
  Time since last request: 0.000161 seconds.
  path: Assets/Animations/Dead (2).png
  artifactKey: Guid(085cc44ba15c1c9429f92927cf0165ef) Importer(815301076,1909f56bfc062723c751e8b465ee728b)
Start importing Assets/Animations/Dead (2).png using Guid(085cc44ba15c1c9429f92927cf0165ef) Importer(815301076,1909f56bfc062723c751e8b465ee728b)  -> (artifact id: '50c2b97df4d50eb2675b06e7e6910f8f') in 0.010652 seconds 
  Import took 0.013168 seconds .

========================================================================
Received Import Request.
  Time since last request: 0.000151 seconds.
  path: Assets/Animations/Fall (1).png
  artifactKey: Guid(fda81ce1ecb4b8e46b3b1e11a5f60813) Importer(815301076,1909f56bfc062723c751e8b465ee728b)
Start importing Assets/Animations/Fall (1).png using Guid(fda81ce1ecb4b8e46b3b1e11a5f60813) Importer(815301076,1909f56bfc062723c751e8b465ee728b)  -> (artifact id: '8263e980ba43819132d7eb054aa85524') in 0.010557 seconds 
  Import took 0.013230 seconds .

========================================================================
Received Import Request.
  Time since last request: 0.000143 seconds.
  path: Assets/Animations/Dead (5).png
  artifactKey: Guid(bda70a97e87450542ade5d6825e2301b) Importer(815301076,1909f56bfc062723c751e8b465ee728b)
Start importing Assets/Animations/Dead (5).png using Guid(bda70a97e87450542ade5d6825e2301b) Importer(815301076,1909f56bfc062723c751e8b465ee728b)  -> (artifact id: '794add39daa75a3dcad975187baad24c') in 0.010972 seconds 
  Import took 0.013634 seconds .

========================================================================
Received Import Request.
  Time since last request: 0.000154 seconds.
  path: Assets/Animations/Walk (6).png
  artifactKey: Guid(2ed9e12f4adfc35459370593c322ed30) Importer(815301076,1909f56bfc062723c751e8b465ee728b)
Start importing Assets/Animations/Walk (6).png using Guid(2ed9e12f4adfc35459370593c322ed30) Importer(815301076,1909f56bfc062723c751e8b465ee728b)  -> (artifact id: 'f979d4cb68d8a30bfb2f335b6ac2cfd7') in 0.010628 seconds 
  Import took 0.013473 seconds .

========================================================================
Received Import Request.
  Time since last request: 0.000162 seconds.
  path: Assets/Animations/Fall (2).png
  artifactKey: Guid(2a516ca25aee6304bb0db4e9fdbed672) Importer(815301076,1909f56bfc062723c751e8b465ee728b)
Start importing Assets/Animations/Fall (2).png using Guid(2a516ca25aee6304bb0db4e9fdbed672) Importer(815301076,1909f56bfc062723c751e8b465ee728b)  -> (artifact id: 'f9ac4dc859a043ffa25f764cbed394fe') in 0.011345 seconds 
  Import took 0.014186 seconds .

========================================================================
Received Import Request.
  Time since last request: 0.000147 seconds.
  path: Assets/Animations/Walk (5).png
  artifactKey: Guid(1e5b0e15a7792384fbfbafeec15f1f2c) Importer(815301076,1909f56bfc062723c751e8b465ee728b)
Start importing Assets/Animations/Walk (5).png using Guid(1e5b0e15a7792384fbfbafeec15f1f2c) Importer(815301076,1909f56bfc062723c751e8b465ee728b)  -> (artifact id: 'd60faa8a1f061672923c61f4258bbf5f') in 0.010240 seconds 
  Import took 0.013005 seconds .

========================================================================
Received Import Request.
  Time since last request: 0.000140 seconds.
  path: Assets/Animations/Walk (9).png
  artifactKey: Guid(9c08f838e85884140ae97c79c45858b7) Importer(815301076,1909f56bfc062723c751e8b465ee728b)
Start importing Assets/Animations/Walk (9).png using Guid(9c08f838e85884140ae97c79c45858b7) Importer(815301076,1909f56bfc062723c751e8b465ee728b)  -> (artifact id: '245548528602a27c1bd5a71cf7dd825d') in 0.010944 seconds 
  Import took 0.013513 seconds .

========================================================================
Received Import Request.
  Time since last request: 106.130915 seconds.
  path: Assets/Compiled Anim
  artifactKey: Guid(d3fd675cd51b69148a9fc3ad25a26fed) Importer(815301076,1909f56bfc062723c751e8b465ee728b)
Start importing Assets/Compiled Anim using Guid(d3fd675cd51b69148a9fc3ad25a26fed) Importer(815301076,1909f56bfc062723c751e8b465ee728b)  -> (artifact id: '92a27b7cdd0e8237a73cdf6bc4effdcf') in 0.005439 seconds 
  Import took 0.008604 seconds .

========================================================================
Received Import Request.
  Time since last request: 17.183533 seconds.
  path: Assets/Animations/Idle (1).controller
  artifactKey: Guid(e3f57366e442c3a46acf3bdf225398fd) Importer(815301076,1909f56bfc062723c751e8b465ee728b)
Start importing Assets/Animations/Idle (1).controller using Guid(e3f57366e442c3a46acf3bdf225398fd) Importer(815301076,1909f56bfc062723c751e8b465ee728b)  -> (artifact id: 'b4cc174d46348035977e45a3817fff1d') in 0.007756 seconds 
  Import took 0.010952 seconds .

========================================================================
Received Prepare
Registering precompiled user dll's ...
Registered in 0.003358 seconds.
Begin MonoManager ReloadAssembly
Native extension for WindowsStandalone target not found
Native extension for WebGL target not found
Refreshing native plugins compatible for Editor in 0.47 ms, found 3 plugins.
Preloading 0 native plugins for Editor in 0.00 ms.
Mono: successfully reloaded assembly
- Completed reload, in  0.701 seconds
Domain Reload Profiling:
	ReloadAssembly (701ms)
		BeginReloadAssembly (101ms)
			ExecutionOrderSort (0ms)
			DisableScriptedObjects (4ms)
			BackupInstance (0ms)
			ReleaseScriptingObjects (0ms)
			CreateAndSetChildDomain (31ms)
		EndReloadAssembly (555ms)
			LoadAssemblies (64ms)
			RebuildTransferFunctionScriptingTraits (0ms)
			SetupTypeCache (185ms)
			ReleaseScriptCaches (1ms)
			RebuildScriptCaches (27ms)
			SetupLoadedEditorAssemblies (214ms)
				LogAssemblyErrors (0ms)
				InitializePlatformSupportModulesInManaged (4ms)
				SetLoadedEditorAssemblies (0ms)
				RefreshPlugins (1ms)
				BeforeProcessingInitializeOnLoad (69ms)
				ProcessInitializeOnLoadAttributes (126ms)
				ProcessInitializeOnLoadMethodAttributes (8ms)
				AfterProcessingInitializeOnLoad (5ms)
				EditorAssembliesLoaded (0ms)
			ExecutionOrderSort2 (0ms)
			AwakeInstancesAfterBackupRestoration (7ms)
Platform modules already initialized, skipping
Refreshing native plugins compatible for Editor in 0.44 ms, found 3 plugins.
Preloading 0 native plugins for Editor in 0.00 ms.
Unloading 2187 Unused Serialized files (Serialized files now loaded: 0)
System memory in use before: 98.4 MB.
System memory in use after: 98.5 MB.

Unloading 17 unused Assets to reduce memory usage. Loaded Objects now: 2643.
Total: 2.427600 ms (FindLiveObjects: 0.148700 ms CreateObjectMapping: 0.051100 ms MarkObjects: 2.214300 ms  DeleteObjects: 0.012800 ms)

AssetImportParameters requested are different than current active one (requested -> active):
  custom:framework-win-MediaFoundation: 216162199b28c13a410421893ffa2e32 -> 
  custom:video-decoder-ogg-theora: a1e56fd34408186e4bbccfd4996cb3dc -> 
  custom:container-muxer-webm: aa71ff27fc2769a1b78a27578f13a17b -> 
  custom:container-demuxer-webm: 4f35f7cbe854078d1ac9338744f61a02 -> 
  custom:container-demuxer-ogg: 62fdf1f143b41e24485cea50d1cbac27 -> 
  custom:video-encoder-webm-vp8: eb34c28f22e8b96e1ab97ce403110664 -> 
  custom:video-codec-MediaFoundation-h265: 746d11721c4dcdbdad8f713fa42b33f4 -> 
  custom:video-decoder-webm-vp8: 9c59270c3fd7afecdb556c50c9e8de78 -> 
  custom:audio-decoder-ogg-vorbis: bf7c407c2cedff20999df2af8eb42d56 -> 
  custom:audio-encoder-webm-vorbis: bf7c407c2cedff20999df2af8eb42d56 -> 
========================================================================
Received Import Request.
  Time since last request: 368.751257 seconds.
  path: Assets/Sprites
  artifactKey: Guid(20fa4f756dc77764ebdbd49eecb5b521) Importer(815301076,1909f56bfc062723c751e8b465ee728b)
Start importing Assets/Sprites using Guid(20fa4f756dc77764ebdbd49eecb5b521) Importer(815301076,1909f56bfc062723c751e8b465ee728b)  -> (artifact id: 'a01324686d0ec570a13faa7c01e38dd7') in 0.008250 seconds 
  Import took 0.011134 seconds .

========================================================================
Received Import Request.
  Time since last request: 6.709645 seconds.
  path: Assets/Animations
  artifactKey: Guid(d3fd675cd51b69148a9fc3ad25a26fed) Importer(815301076,1909f56bfc062723c751e8b465ee728b)
Start importing Assets/Animations using Guid(d3fd675cd51b69148a9fc3ad25a26fed) Importer(815301076,1909f56bfc062723c751e8b465ee728b)  -> (artifact id: '9bfb58fcc91fc815a5f93967396a94cf') in 0.001887 seconds 
  Import took 0.004674 seconds .

========================================================================
Received Import Request.
  Time since last request: 400.967367 seconds.
  path: Assets/Animations/Cat Idle.anim
  artifactKey: Guid(0b89f48ea1228df4d99d8d1226bdedcb) Importer(815301076,1909f56bfc062723c751e8b465ee728b)
Start importing Assets/Animations/Cat Idle.anim using Guid(0b89f48ea1228df4d99d8d1226bdedcb) Importer(815301076,1909f56bfc062723c751e8b465ee728b)  -> (artifact id: '7dbc905c43dee6886f4bae7e8707e638') in 0.013458 seconds 
  Import took 0.016477 seconds .

========================================================================
Received Prepare
Registering precompiled user dll's ...
Registered in 0.003535 seconds.
Begin MonoManager ReloadAssembly
Native extension for WindowsStandalone target not found
Native extension for WebGL target not found
Refreshing native plugins compatible for Editor in 0.47 ms, found 3 plugins.
Preloading 0 native plugins for Editor in 0.00 ms.
Mono: successfully reloaded assembly
- Completed reload, in  0.693 seconds
Domain Reload Profiling:
	ReloadAssembly (693ms)
		BeginReloadAssembly (93ms)
			ExecutionOrderSort (0ms)
			DisableScriptedObjects (4ms)
			BackupInstance (0ms)
			ReleaseScriptingObjects (0ms)
			CreateAndSetChildDomain (30ms)
		EndReloadAssembly (555ms)
			LoadAssemblies (65ms)
			RebuildTransferFunctionScriptingTraits (0ms)
			SetupTypeCache (184ms)
			ReleaseScriptCaches (1ms)
			RebuildScriptCaches (26ms)
			SetupLoadedEditorAssemblies (215ms)
				LogAssemblyErrors (0ms)
				InitializePlatformSupportModulesInManaged (4ms)
				SetLoadedEditorAssemblies (0ms)
				RefreshPlugins (1ms)
				BeforeProcessingInitializeOnLoad (70ms)
				ProcessInitializeOnLoadAttributes (128ms)
				ProcessInitializeOnLoadMethodAttributes (8ms)
				AfterProcessingInitializeOnLoad (5ms)
				EditorAssembliesLoaded (0ms)
			ExecutionOrderSort2 (0ms)
			AwakeInstancesAfterBackupRestoration (7ms)
Platform modules already initialized, skipping
Refreshing native plugins compatible for Editor in 0.45 ms, found 3 plugins.
Preloading 0 native plugins for Editor in 0.00 ms.
Unloading 2187 Unused Serialized files (Serialized files now loaded: 0)
System memory in use before: 98.4 MB.
System memory in use after: 98.5 MB.

Unloading 17 unused Assets to reduce memory usage. Loaded Objects now: 2645.
Total: 2.803600 ms (FindLiveObjects: 0.154200 ms CreateObjectMapping: 0.077500 ms MarkObjects: 2.555600 ms  DeleteObjects: 0.015500 ms)

AssetImportParameters requested are different than current active one (requested -> active):
  custom:framework-win-MediaFoundation: 216162199b28c13a410421893ffa2e32 -> 
  custom:video-decoder-ogg-theora: a1e56fd34408186e4bbccfd4996cb3dc -> 
  custom:container-muxer-webm: aa71ff27fc2769a1b78a27578f13a17b -> 
  custom:container-demuxer-webm: 4f35f7cbe854078d1ac9338744f61a02 -> 
  custom:container-demuxer-ogg: 62fdf1f143b41e24485cea50d1cbac27 -> 
  custom:video-encoder-webm-vp8: eb34c28f22e8b96e1ab97ce403110664 -> 
  custom:video-codec-MediaFoundation-h265: 746d11721c4dcdbdad8f713fa42b33f4 -> 
  custom:video-decoder-webm-vp8: 9c59270c3fd7afecdb556c50c9e8de78 -> 
  custom:audio-decoder-ogg-vorbis: bf7c407c2cedff20999df2af8eb42d56 -> 
  custom:audio-encoder-webm-vorbis: bf7c407c2cedff20999df2af8eb42d56 -> 
========================================================================
Received Import Request.
  Time since last request: 581.818896 seconds.
  path: Assets/Scenes/SampleScene.unity
  artifactKey: Guid(2cda990e2423bbf4892e6590ba056729) Importer(815301076,1909f56bfc062723c751e8b465ee728b)
Start importing Assets/Scenes/SampleScene.unity using Guid(2cda990e2423bbf4892e6590ba056729) Importer(815301076,1909f56bfc062723c751e8b465ee728b)  -> (artifact id: 'f256e8b15e71c6ca6babce64e95cc235') in 0.021294 seconds 
  Import took 0.024546 seconds .

========================================================================
Received Import Request.
  Time since last request: 1.721580 seconds.
  path: Assets/Scenes/SampleScene.unity
  artifactKey: Guid(2cda990e2423bbf4892e6590ba056729) Importer(815301076,1909f56bfc062723c751e8b465ee728b)
Start importing Assets/Scenes/SampleScene.unity using Guid(2cda990e2423bbf4892e6590ba056729) Importer(815301076,1909f56bfc062723c751e8b465ee728b)  -> (artifact id: '6a2eaca4c9422fda5d86f39fc95b849b') in 0.002351 seconds 
  Import took 0.005187 seconds .

========================================================================
Received Prepare
Registering precompiled user dll's ...
Registered in 0.003488 seconds.
Begin MonoManager ReloadAssembly
Native extension for WindowsStandalone target not found
Native extension for WebGL target not found
Refreshing native plugins compatible for Editor in 0.48 ms, found 3 plugins.
Preloading 0 native plugins for Editor in 0.00 ms.
Mono: successfully reloaded assembly
- Completed reload, in  0.698 seconds
Domain Reload Profiling:
	ReloadAssembly (698ms)
		BeginReloadAssembly (96ms)
			ExecutionOrderSort (0ms)
			DisableScriptedObjects (4ms)
			BackupInstance (0ms)
			ReleaseScriptingObjects (0ms)
			CreateAndSetChildDomain (30ms)
		EndReloadAssembly (560ms)
			LoadAssemblies (66ms)
			RebuildTransferFunctionScriptingTraits (0ms)
			SetupTypeCache (184ms)
			ReleaseScriptCaches (1ms)
			RebuildScriptCaches (26ms)
			SetupLoadedEditorAssemblies (216ms)
				LogAssemblyErrors (0ms)
				InitializePlatformSupportModulesInManaged (4ms)
				SetLoadedEditorAssemblies (0ms)
				RefreshPlugins (1ms)
				BeforeProcessingInitializeOnLoad (69ms)
				ProcessInitializeOnLoadAttributes (129ms)
				ProcessInitializeOnLoadMethodAttributes (8ms)
				AfterProcessingInitializeOnLoad (5ms)
				EditorAssembliesLoaded (0ms)
			ExecutionOrderSort2 (0ms)
			AwakeInstancesAfterBackupRestoration (6ms)
Platform modules already initialized, skipping
Refreshing native plugins compatible for Editor in 0.46 ms, found 3 plugins.
Preloading 0 native plugins for Editor in 0.00 ms.
Unloading 2187 Unused Serialized files (Serialized files now loaded: 0)
System memory in use before: 98.4 MB.
System memory in use after: 98.5 MB.

Unloading 17 unused Assets to reduce memory usage. Loaded Objects now: 2647.
Total: 2.565400 ms (FindLiveObjects: 0.160300 ms CreateObjectMapping: 0.050700 ms MarkObjects: 2.340100 ms  DeleteObjects: 0.013100 ms)

AssetImportParameters requested are different than current active one (requested -> active):
  custom:framework-win-MediaFoundation: 216162199b28c13a410421893ffa2e32 -> 
  custom:video-decoder-ogg-theora: a1e56fd34408186e4bbccfd4996cb3dc -> 
  custom:container-muxer-webm: aa71ff27fc2769a1b78a27578f13a17b -> 
  custom:container-demuxer-webm: 4f35f7cbe854078d1ac9338744f61a02 -> 
  custom:container-demuxer-ogg: 62fdf1f143b41e24485cea50d1cbac27 -> 
  custom:video-encoder-webm-vp8: eb34c28f22e8b96e1ab97ce403110664 -> 
  custom:video-codec-MediaFoundation-h265: 746d11721c4dcdbdad8f713fa42b33f4 -> 
  custom:video-decoder-webm-vp8: 9c59270c3fd7afecdb556c50c9e8de78 -> 
  custom:audio-decoder-ogg-vorbis: bf7c407c2cedff20999df2af8eb42d56 -> 
  custom:audio-encoder-webm-vorbis: bf7c407c2cedff20999df2af8eb42d56 -> 
========================================================================
Received Import Request.
  Time since last request: 259.173442 seconds.
  path: Assets/Scripts/SoundScript.cs
  artifactKey: Guid(41299aa195709e24fba08c956cea2fe8) Importer(815301076,1909f56bfc062723c751e8b465ee728b)
Start importing Assets/Scripts/SoundScript.cs using Guid(41299aa195709e24fba08c956cea2fe8) Importer(815301076,1909f56bfc062723c751e8b465ee728b)  -> (artifact id: '15ab75b7fe339b5829f1b3d31e6c40e9') in 0.010268 seconds 
  Import took 0.013024 seconds .

========================================================================
Received Prepare
Registering precompiled user dll's ...
Registered in 0.003624 seconds.
Begin MonoManager ReloadAssembly
Native extension for WindowsStandalone target not found
Native extension for WebGL target not found
Refreshing native plugins compatible for Editor in 0.49 ms, found 3 plugins.
Preloading 0 native plugins for Editor in 0.00 ms.
Mono: successfully reloaded assembly
- Completed reload, in  0.745 seconds
Domain Reload Profiling:
	ReloadAssembly (746ms)
		BeginReloadAssembly (91ms)
			ExecutionOrderSort (0ms)
			DisableScriptedObjects (5ms)
			BackupInstance (0ms)
			ReleaseScriptingObjects (0ms)
			CreateAndSetChildDomain (30ms)
		EndReloadAssembly (607ms)
			LoadAssemblies (72ms)
			RebuildTransferFunctionScriptingTraits (0ms)
			SetupTypeCache (198ms)
			ReleaseScriptCaches (1ms)
			RebuildScriptCaches (29ms)
			SetupLoadedEditorAssemblies (237ms)
				LogAssemblyErrors (0ms)
				InitializePlatformSupportModulesInManaged (4ms)
				SetLoadedEditorAssemblies (0ms)
				RefreshPlugins (1ms)
				BeforeProcessingInitializeOnLoad (74ms)
				ProcessInitializeOnLoadAttributes (143ms)
				ProcessInitializeOnLoadMethodAttributes (9ms)
				AfterProcessingInitializeOnLoad (6ms)
				EditorAssembliesLoaded (0ms)
			ExecutionOrderSort2 (0ms)
			AwakeInstancesAfterBackupRestoration (7ms)
Platform modules already initialized, skipping
Refreshing native plugins compatible for Editor in 0.49 ms, found 3 plugins.
Preloading 0 native plugins for Editor in 0.00 ms.
Unloading 2187 Unused Serialized files (Serialized files now loaded: 0)
System memory in use before: 98.4 MB.
System memory in use after: 98.5 MB.

Unloading 17 unused Assets to reduce memory usage. Loaded Objects now: 2649.
Total: 2.678000 ms (FindLiveObjects: 0.184100 ms CreateObjectMapping: 0.047100 ms MarkObjects: 2.432200 ms  DeleteObjects: 0.013800 ms)

AssetImportParameters requested are different than current active one (requested -> active):
  custom:framework-win-MediaFoundation: 216162199b28c13a410421893ffa2e32 -> 
  custom:video-decoder-ogg-theora: a1e56fd34408186e4bbccfd4996cb3dc -> 
  custom:container-muxer-webm: aa71ff27fc2769a1b78a27578f13a17b -> 
  custom:container-demuxer-webm: 4f35f7cbe854078d1ac9338744f61a02 -> 
  custom:container-demuxer-ogg: 62fdf1f143b41e24485cea50d1cbac27 -> 
  custom:video-encoder-webm-vp8: eb34c28f22e8b96e1ab97ce403110664 -> 
  custom:video-codec-MediaFoundation-h265: 746d11721c4dcdbdad8f713fa42b33f4 -> 
  custom:video-decoder-webm-vp8: 9c59270c3fd7afecdb556c50c9e8de78 -> 
  custom:audio-decoder-ogg-vorbis: bf7c407c2cedff20999df2af8eb42d56 -> 
  custom:audio-encoder-webm-vorbis: bf7c407c2cedff20999df2af8eb42d56 -> 
========================================================================
Received Prepare
Registering precompiled user dll's ...
Registered in 0.003499 seconds.
Begin MonoManager ReloadAssembly
Native extension for WindowsStandalone target not found
Native extension for WebGL target not found
Refreshing native plugins compatible for Editor in 0.58 ms, found 3 plugins.
Preloading 0 native plugins for Editor in 0.00 ms.
Mono: successfully reloaded assembly
- Completed reload, in  0.707 seconds
Domain Reload Profiling:
	ReloadAssembly (708ms)
		BeginReloadAssembly (90ms)
			ExecutionOrderSort (0ms)
			DisableScriptedObjects (4ms)
			BackupInstance (0ms)
			ReleaseScriptingObjects (0ms)
			CreateAndSetChildDomain (32ms)
		EndReloadAssembly (573ms)
			LoadAssemblies (65ms)
			RebuildTransferFunctionScriptingTraits (0ms)
			SetupTypeCache (192ms)
			ReleaseScriptCaches (1ms)
			RebuildScriptCaches (27ms)
			SetupLoadedEditorAssemblies (222ms)
				LogAssemblyErrors (0ms)
				InitializePlatformSupportModulesInManaged (4ms)
				SetLoadedEditorAssemblies (0ms)
				RefreshPlugins (1ms)
				BeforeProcessingInitializeOnLoad (71ms)
				ProcessInitializeOnLoadAttributes (132ms)
				ProcessInitializeOnLoadMethodAttributes (8ms)
				AfterProcessingInitializeOnLoad (5ms)
				EditorAssembliesLoaded (0ms)
			ExecutionOrderSort2 (0ms)
			AwakeInstancesAfterBackupRestoration (7ms)
Platform modules already initialized, skipping
Refreshing native plugins compatible for Editor in 0.48 ms, found 3 plugins.
Preloading 0 native plugins for Editor in 0.00 ms.
Unloading 2187 Unused Serialized files (Serialized files now loaded: 0)
System memory in use before: 98.4 MB.
System memory in use after: 98.5 MB.

Unloading 17 unused Assets to reduce memory usage. Loaded Objects now: 2651.
Total: 2.895800 ms (FindLiveObjects: 0.192100 ms CreateObjectMapping: 0.087100 ms MarkObjects: 2.598700 ms  DeleteObjects: 0.016800 ms)

AssetImportParameters requested are different than current active one (requested -> active):
  custom:framework-win-MediaFoundation: 216162199b28c13a410421893ffa2e32 -> 
  custom:video-decoder-ogg-theora: a1e56fd34408186e4bbccfd4996cb3dc -> 
  custom:container-muxer-webm: aa71ff27fc2769a1b78a27578f13a17b -> 
  custom:container-demuxer-webm: 4f35f7cbe854078d1ac9338744f61a02 -> 
  custom:container-demuxer-ogg: 62fdf1f143b41e24485cea50d1cbac27 -> 
  custom:video-encoder-webm-vp8: eb34c28f22e8b96e1ab97ce403110664 -> 
  custom:video-codec-MediaFoundation-h265: 746d11721c4dcdbdad8f713fa42b33f4 -> 
  custom:video-decoder-webm-vp8: 9c59270c3fd7afecdb556c50c9e8de78 -> 
  custom:audio-decoder-ogg-vorbis: bf7c407c2cedff20999df2af8eb42d56 -> 
  custom:audio-encoder-webm-vorbis: bf7c407c2cedff20999df2af8eb42d56 -> 
========================================================================
Received Import Request.
  Time since last request: 194.074195 seconds.
  path: Assets/Scripts/SoundScript.cs
  artifactKey: Guid(41299aa195709e24fba08c956cea2fe8) Importer(815301076,1909f56bfc062723c751e8b465ee728b)
Start importing Assets/Scripts/SoundScript.cs using Guid(41299aa195709e24fba08c956cea2fe8) Importer(815301076,1909f56bfc062723c751e8b465ee728b)  -> (artifact id: '8395cb462c9c9bd7f59e9922465ca342') in 0.005188 seconds 
  Import took 0.007923 seconds .

========================================================================
Received Prepare
Registering precompiled user dll's ...
Registered in 0.003299 seconds.
Begin MonoManager ReloadAssembly
Native extension for WindowsStandalone target not found
Native extension for WebGL target not found
Refreshing native plugins compatible for Editor in 0.51 ms, found 3 plugins.
Preloading 0 native plugins for Editor in 0.00 ms.
Mono: successfully reloaded assembly
- Completed reload, in  0.687 seconds
Domain Reload Profiling:
	ReloadAssembly (688ms)
		BeginReloadAssembly (97ms)
			ExecutionOrderSort (0ms)
			DisableScriptedObjects (5ms)
			BackupInstance (0ms)
			ReleaseScriptingObjects (0ms)
			CreateAndSetChildDomain (27ms)
		EndReloadAssembly (546ms)
			LoadAssemblies (62ms)
			RebuildTransferFunctionScriptingTraits (0ms)
			SetupTypeCache (179ms)
			ReleaseScriptCaches (1ms)
			RebuildScriptCaches (26ms)
			SetupLoadedEditorAssemblies (214ms)
				LogAssemblyErrors (0ms)
				InitializePlatformSupportModulesInManaged (6ms)
				SetLoadedEditorAssemblies (0ms)
				RefreshPlugins (1ms)
				BeforeProcessingInitializeOnLoad (67ms)
				ProcessInitializeOnLoadAttributes (127ms)
				ProcessInitializeOnLoadMethodAttributes (8ms)
				AfterProcessingInitializeOnLoad (5ms)
				EditorAssembliesLoaded (0ms)
			ExecutionOrderSort2 (0ms)
			AwakeInstancesAfterBackupRestoration (6ms)
Platform modules already initialized, skipping
Refreshing native plugins compatible for Editor in 0.42 ms, found 3 plugins.
Preloading 0 native plugins for Editor in 0.00 ms.
Unloading 2187 Unused Serialized files (Serialized files now loaded: 0)
System memory in use before: 98.4 MB.
System memory in use after: 98.6 MB.

Unloading 17 unused Assets to reduce memory usage. Loaded Objects now: 2653.
Total: 2.518900 ms (FindLiveObjects: 0.160800 ms CreateObjectMapping: 0.052300 ms MarkObjects: 2.290400 ms  DeleteObjects: 0.014300 ms)

AssetImportParameters requested are different than current active one (requested -> active):
  custom:framework-win-MediaFoundation: 216162199b28c13a410421893ffa2e32 -> 
  custom:video-decoder-ogg-theora: a1e56fd34408186e4bbccfd4996cb3dc -> 
  custom:container-muxer-webm: aa71ff27fc2769a1b78a27578f13a17b -> 
  custom:container-demuxer-webm: 4f35f7cbe854078d1ac9338744f61a02 -> 
  custom:container-demuxer-ogg: 62fdf1f143b41e24485cea50d1cbac27 -> 
  custom:video-encoder-webm-vp8: eb34c28f22e8b96e1ab97ce403110664 -> 
  custom:video-codec-MediaFoundation-h265: 746d11721c4dcdbdad8f713fa42b33f4 -> 
  custom:video-decoder-webm-vp8: 9c59270c3fd7afecdb556c50c9e8de78 -> 
  custom:audio-decoder-ogg-vorbis: bf7c407c2cedff20999df2af8eb42d56 -> 
  custom:audio-encoder-webm-vorbis: bf7c407c2cedff20999df2af8eb42d56 -> 
========================================================================
Received Prepare
Registering precompiled user dll's ...
Registered in 0.003433 seconds.
Begin MonoManager ReloadAssembly
Native extension for WindowsStandalone target not found
Native extension for WebGL target not found
Refreshing native plugins compatible for Editor in 0.49 ms, found 3 plugins.
Preloading 0 native plugins for Editor in 0.00 ms.
Mono: successfully reloaded assembly
- Completed reload, in  0.706 seconds
Domain Reload Profiling:
	ReloadAssembly (706ms)
		BeginReloadAssembly (91ms)
			ExecutionOrderSort (0ms)
			DisableScriptedObjects (5ms)
			BackupInstance (0ms)
			ReleaseScriptingObjects (0ms)
			CreateAndSetChildDomain (28ms)
		EndReloadAssembly (570ms)
			LoadAssemblies (64ms)
			RebuildTransferFunctionScriptingTraits (0ms)
			SetupTypeCache (191ms)
			ReleaseScriptCaches (1ms)
			RebuildScriptCaches (28ms)
			SetupLoadedEditorAssemblies (218ms)
				LogAssemblyErrors (0ms)
				InitializePlatformSupportModulesInManaged (4ms)
				SetLoadedEditorAssemblies (0ms)
				RefreshPlugins (1ms)
				BeforeProcessingInitializeOnLoad (69ms)
				ProcessInitializeOnLoadAttributes (131ms)
				ProcessInitializeOnLoadMethodAttributes (8ms)
				AfterProcessingInitializeOnLoad (5ms)
				EditorAssembliesLoaded (0ms)
			ExecutionOrderSort2 (0ms)
			AwakeInstancesAfterBackupRestoration (8ms)
Platform modules already initialized, skipping
Refreshing native plugins compatible for Editor in 0.49 ms, found 3 plugins.
Preloading 0 native plugins for Editor in 0.00 ms.
Unloading 2187 Unused Serialized files (Serialized files now loaded: 0)
System memory in use before: 98.4 MB.
System memory in use after: 98.6 MB.

Unloading 17 unused Assets to reduce memory usage. Loaded Objects now: 2655.
Total: 2.900100 ms (FindLiveObjects: 0.189100 ms CreateObjectMapping: 0.079400 ms MarkObjects: 2.616400 ms  DeleteObjects: 0.014100 ms)

AssetImportParameters requested are different than current active one (requested -> active):
  custom:framework-win-MediaFoundation: 216162199b28c13a410421893ffa2e32 -> 
  custom:video-decoder-ogg-theora: a1e56fd34408186e4bbccfd4996cb3dc -> 
  custom:container-muxer-webm: aa71ff27fc2769a1b78a27578f13a17b -> 
  custom:container-demuxer-webm: 4f35f7cbe854078d1ac9338744f61a02 -> 
  custom:container-demuxer-ogg: 62fdf1f143b41e24485cea50d1cbac27 -> 
  custom:video-encoder-webm-vp8: eb34c28f22e8b96e1ab97ce403110664 -> 
  custom:video-codec-MediaFoundation-h265: 746d11721c4dcdbdad8f713fa42b33f4 -> 
  custom:video-decoder-webm-vp8: 9c59270c3fd7afecdb556c50c9e8de78 -> 
  custom:audio-decoder-ogg-vorbis: bf7c407c2cedff20999df2af8eb42d56 -> 
  custom:audio-encoder-webm-vorbis: bf7c407c2cedff20999df2af8eb42d56 -> 
========================================================================
Received Import Request.
  Time since last request: 153.442903 seconds.
  path: Assets/Scripts/SoundScript.cs
  artifactKey: Guid(41299aa195709e24fba08c956cea2fe8) Importer(815301076,1909f56bfc062723c751e8b465ee728b)
Start importing Assets/Scripts/SoundScript.cs using Guid(41299aa195709e24fba08c956cea2fe8) Importer(815301076,1909f56bfc062723c751e8b465ee728b)  -> (artifact id: 'a81dc07946ee1390e2eee3965b0478ca') in 0.004961 seconds 
  Import took 0.007776 seconds .

========================================================================
Received Prepare
Registering precompiled user dll's ...
Registered in 0.003593 seconds.
Begin MonoManager ReloadAssembly
Native extension for WindowsStandalone target not found
Native extension for WebGL target not found
Refreshing native plugins compatible for Editor in 0.59 ms, found 3 plugins.
Preloading 0 native plugins for Editor in 0.00 ms.
Mono: successfully reloaded assembly
- Completed reload, in  0.824 seconds
Domain Reload Profiling:
	ReloadAssembly (824ms)
		BeginReloadAssembly (103ms)
			ExecutionOrderSort (0ms)
			DisableScriptedObjects (5ms)
			BackupInstance (0ms)
			ReleaseScriptingObjects (0ms)
			CreateAndSetChildDomain (32ms)
		EndReloadAssembly (675ms)
			LoadAssemblies (67ms)
			RebuildTransferFunctionScriptingTraits (0ms)
			SetupTypeCache (281ms)
			ReleaseScriptCaches (1ms)
			RebuildScriptCaches (29ms)
			SetupLoadedEditorAssemblies (227ms)
				LogAssemblyErrors (0ms)
				InitializePlatformSupportModulesInManaged (4ms)
				SetLoadedEditorAssemblies (0ms)
				RefreshPlugins (1ms)
				BeforeProcessingInitializeOnLoad (73ms)
				ProcessInitializeOnLoadAttributes (135ms)
				ProcessInitializeOnLoadMethodAttributes (8ms)
				AfterProcessingInitializeOnLoad (5ms)
				EditorAssembliesLoaded (0ms)
			ExecutionOrderSort2 (0ms)
			AwakeInstancesAfterBackupRestoration (7ms)
Platform modules already initialized, skipping
Refreshing native plugins compatible for Editor in 0.47 ms, found 3 plugins.
Preloading 0 native plugins for Editor in 0.00 ms.
Unloading 2187 Unused Serialized files (Serialized files now loaded: 0)
System memory in use before: 98.4 MB.
System memory in use after: 98.6 MB.

Unloading 17 unused Assets to reduce memory usage. Loaded Objects now: 2657.
Total: 2.528700 ms (FindLiveObjects: 0.199100 ms CreateObjectMapping: 0.052200 ms MarkObjects: 2.261400 ms  DeleteObjects: 0.015000 ms)

AssetImportParameters requested are different than current active one (requested -> active):
  custom:framework-win-MediaFoundation: 216162199b28c13a410421893ffa2e32 -> 
  custom:video-decoder-ogg-theora: a1e56fd34408186e4bbccfd4996cb3dc -> 
  custom:container-muxer-webm: aa71ff27fc2769a1b78a27578f13a17b -> 
  custom:container-demuxer-webm: 4f35f7cbe854078d1ac9338744f61a02 -> 
  custom:container-demuxer-ogg: 62fdf1f143b41e24485cea50d1cbac27 -> 
  custom:video-encoder-webm-vp8: eb34c28f22e8b96e1ab97ce403110664 -> 
  custom:video-codec-MediaFoundation-h265: 746d11721c4dcdbdad8f713fa42b33f4 -> 
  custom:video-decoder-webm-vp8: 9c59270c3fd7afecdb556c50c9e8de78 -> 
  custom:audio-decoder-ogg-vorbis: bf7c407c2cedff20999df2af8eb42d56 -> 
  custom:audio-encoder-webm-vorbis: bf7c407c2cedff20999df2af8eb42d56 -> 
========================================================================
Received Prepare
Refreshing native plugins compatible for Editor in 3.38 ms, found 3 plugins.
Preloading 0 native plugins for Editor in 0.00 ms.
Unloading 15 Unused Serialized files (Serialized files now loaded: 0)
System memory in use before: 55.6 MB.
System memory in use after: 55.7 MB.

Unloading 15 unused Assets to reduce memory usage. Loaded Objects now: 2657.
Total: 2.674000 ms (FindLiveObjects: 0.181300 ms CreateObjectMapping: 0.091000 ms MarkObjects: 2.389600 ms  DeleteObjects: 0.011700 ms)

AssetImportParameters requested are different than current active one (requested -> active):
  custom:framework-win-MediaFoundation: 216162199b28c13a410421893ffa2e32 -> 
  custom:video-decoder-ogg-theora: a1e56fd34408186e4bbccfd4996cb3dc -> 
  custom:container-muxer-webm: aa71ff27fc2769a1b78a27578f13a17b -> 
  custom:container-demuxer-webm: 4f35f7cbe854078d1ac9338744f61a02 -> 
  custom:container-demuxer-ogg: 62fdf1f143b41e24485cea50d1cbac27 -> 
  custom:video-encoder-webm-vp8: eb34c28f22e8b96e1ab97ce403110664 -> 
  custom:video-codec-MediaFoundation-h265: 746d11721c4dcdbdad8f713fa42b33f4 -> 
  custom:video-decoder-webm-vp8: 9c59270c3fd7afecdb556c50c9e8de78 -> 
  custom:audio-decoder-ogg-vorbis: bf7c407c2cedff20999df2af8eb42d56 -> 
  custom:audio-encoder-webm-vorbis: bf7c407c2cedff20999df2af8eb42d56 -> 
AssetImportWorkerClient::OnTransportError - code=2 error=End of file
